[1m[38;2;0;255;0m.[38;2;0;255;6m-[38;2;0;255;13m-[38;2;0;255;19m-[38;2;0;255;25m-[38;2;0;255;32m.[38;2;0;255;38m [38;2;0;255;45m.[38;2;0;255;51m-[38;2;0;255;57m.[38;2;0;255;64m [38;2;0;255;70m.[38;2;0;255;76m-[38;2;0;255;83m.[38;2;0;255;89m [38;2;0;255;96m.[38;2;0;255;102m-[38;2;0;255;108m-[38;2;0;255;115m-[38;2;0;255;121m-[38;2;0;255;127m.[38;2;0;255;134m.[38;2;0;255;140m-[38;2;0;255;147m-[38;2;0;255;153m-[38;2;0;255;159m.[38;2;0;255;166m [38;2;0;255;172m [38;2;0;255;178m.[38;2;0;255;185m-[38;2;0;255;191m-[38;2;0;255;198m-[38;2;0;255;204m-[38;2;0;255;210m.[38;2;0;255;217m [38;2;0;255;223m.[38;2;0;255;229m-[38;2;0;255;236m-[38;2;0;255;242m-[38;2;0;255;249m.[38;2;0;255;255m [38;2;0;249;255m [38;2;0;242;255m [38;2;0;236;255m.[38;2;0;230;255m-[38;2;0;223;255m-[38;2;0;217;255m.[38;2;0;210;255m [38;2;0;204;255m [38;2;0;198;255m.[38;2;0;191;255m-[38;2;0;185;255m.[38;2;0;179;255m [38;2;0;172;255m.[38;2;0;166;255m-[38;2;0;159;255m.[0m
[38;2;0;255;0m|[38;2;0;255;6m [38;2;0;255;13m{[38;2;0;255;19m}[38;2;0;255;25m [38;2;0;255;32m [38;2;0;255;38m}[38;2;0;255;45m|[38;2;0;255;51m [38;2;0;255;57m{[38;2;0;255;64m [38;2;0;255;70m}[38;2;0;255;76m [38;2;0;255;83m|[38;2;0;255;89m{[38;2;0;255;96m [38;2;0;255;102m{[38;2;0;255;108m_[38;2;0;255;115m_[38;2;0;255;121m [38;2;0;255;127m{[38;2;0;255;134m_[38;2;0;255;140m [38;2;0;255;147m [38;2;0;255;153m [38;2;0;255;159m_[38;2;0;255;166m}[38;2;0;255;172m{[38;2;0;255;178m [38;2;0;255;185m{[38;2;0;255;191m_[38;2;0;255;198m_[38;2;0;255;204m [38;2;0;255;210m [38;2;0;255;217m/[38;2;0;255;223m [38;2;0;255;229m [38;2;0;255;236m_[38;2;0;255;242m_[38;2;0;255;249m_[38;2;0;255;255m}[38;2;0;249;255m [38;2;0;242;255m/[38;2;0;236;255m [38;2;0;230;255m{[38;2;0;223;255m}[38;2;0;217;255m [38;2;0;210;255m\[38;2;0;204;255m [38;2;0;198;255m|[38;2;0;191;255m [38;2;0;185;255m [38;2;0;179;255m`[38;2;0;172;255m|[38;2;0;166;255m [38;2;0;159;255m|[0m
[38;2;0;255;0m|[38;2;0;255;6m [38;2;0;255;13m.[38;2;0;255;19m-[38;2;0;255;25m.[38;2;0;255;32m [38;2;0;255;38m\[38;2;0;255;45m|[38;2;0;255;51m [38;2;0;255;57m{[38;2;0;255;64m_[38;2;0;255;70m}[38;2;0;255;76m [38;2;0;255;83m|[38;2;0;255;89m.[38;2;0;255;96m-[38;2;0;255;102m.[38;2;0;255;108m_[38;2;0;255;115m}[38;2;0;255;121m [38;2;0;255;127m}[38;2;0;255;134m [38;2;0;255;140m|[38;2;0;255;147m [38;2;0;255;153m|[38;2;0;255;159m [38;2;0;255;166m [38;2;0;255;172m.[38;2;0;255;178m-[38;2;0;255;185m.[38;2;0;255;191m_[38;2;0;255;198m}[38;2;0;255;204m [38;2;0;255;210m}[38;2;0;255;217m\[38;2;0;255;223m [38;2;0;255;229m [38;2;0;255;236m [38;2;0;255;242m [38;2;0;255;249m [38;2;0;255;255m}[38;2;0;249;255m/[38;2;0;242;255m [38;2;0;236;255m [38;2;0;230;255m/[38;2;0;223;255m\[38;2;0;217;255m [38;2;0;210;255m [38;2;0;204;255m\[38;2;0;198;255m|[38;2;0;191;255m [38;2;0;185;255m|[38;2;0;179;255m\[38;2;0;172;255m [38;2;0;166;255m [38;2;0;159;255m|[0m
[38;2;0;255;0m`[38;2;0;255;6m-[38;2;0;255;13m'[38;2;0;255;19m [38;2;0;255;25m`[38;2;0;255;32m-[38;2;0;255;38m'[38;2;0;255;45m`[38;2;0;255;51m-[38;2;0;255;57m-[38;2;0;255;64m-[38;2;0;255;70m-[38;2;0;255;76m-[38;2;0;255;83m'[38;2;0;255;89m`[38;2;0;255;96m-[38;2;0;255;102m-[38;2;0;255;108m-[38;2;0;255;115m-[38;2;0;255;121m'[38;2;0;255;127m [38;2;0;255;134m [38;2;0;255;140m`[38;2;0;255;147m-[38;2;0;255;153m'[38;2;0;255;159m [38;2;0;255;166m [38;2;0;255;172m`[38;2;0;255;178m-[38;2;0;255;185m-[38;2;0;255;191m-[38;2;0;255;198m-[38;2;0;255;204m'[38;2;0;255;210m [38;2;0;255;217m [38;2;0;255;223m`[38;2;0;255;229m-[38;2;0;255;236m-[38;2;0;255;242m-[38;2;0;255;249m'[38;2;0;255;255m [38;2;0;249;255m`[38;2;0;242;255m-[38;2;0;236;255m'[38;2;0;230;255m [38;2;0;223;255m [38;2;0;217;255m`[38;2;0;210;255m-[38;2;0;204;255m'[38;2;0;198;255m`[38;2;0;191;255m-[38;2;0;185;255m'[38;2;0;179;255m [38;2;0;172;255m`[38;2;0;166;255m-[38;2;0;159;255m'[0m
[38;2;0;255;0mT[38;2;0;255;6mh[38;2;0;255;13me[38;2;0;255;19m [38;2;0;255;25mM[38;2;0;255;32mo[38;2;0;255;38md[38;2;0;255;45me[38;2;0;255;51mr[38;2;0;255;57mn[38;2;0;255;64m [38;2;0;255;70mD[38;2;0;255;76ma[38;2;0;255;83my[38;2;0;255;89m [38;2;0;255;96mP[38;2;0;255;102mo[38;2;0;255;108mr[38;2;0;255;115mt[38;2;0;255;121m [38;2;0;255;127mS[38;2;0;255;134mc[38;2;0;255;140ma[38;2;0;255;147mn[38;2;0;255;153mn[38;2;0;255;159me[38;2;0;255;166mr[38;2;0;255;172m.[0m[0m
[1m[38;2;255;255;0m_[38;2;249;255;0m_[38;2;242;255;0m_[38;2;236;255;0m_[38;2;230;255;0m_[38;2;223;255;0m_[38;2;217;255;0m_[38;2;210;255;0m_[38;2;204;255;0m_[38;2;198;255;0m_[38;2;191;255;0m_[38;2;185;255;0m_[38;2;179;255;0m_[38;2;172;255;0m_[38;2;166;255;0m_[38;2;159;255;0m_[38;2;153;255;0m_[38;2;147;255;0m_[38;2;140;255;0m_[38;2;134;255;0m_[38;2;128;255;0m_[38;2;121;255;0m_[38;2;115;255;0m_[38;2;108;255;0m_[38;2;102;255;0m_[38;2;96;255;0m_[38;2;89;255;0m_[38;2;83;255;0m_[38;2;77;255;0m_[38;2;70;255;0m_[38;2;64;255;0m_[38;2;57;255;0m_[38;2;51;255;0m_[38;2;45;255;0m_[38;2;38;255;0m_[38;2;32;255;0m_[38;2;26;255;0m_[38;2;19;255;0m_[38;2;13;255;0m_[38;2;6;255;0m_[0m
[38;2;255;255;0m:[38;2;249;255;0m [38;2;242;255;0mh[38;2;236;255;0mt[38;2;230;255;0mt[38;2;223;255;0mp[38;2;217;255;0ms[38;2;210;255;0m:[38;2;204;255;0m/[38;2;198;255;0m/[38;2;191;255;0md[38;2;185;255;0mi[38;2;179;255;0ms[38;2;172;255;0mc[38;2;166;255;0mo[38;2;159;255;0mr[38;2;153;255;0md[38;2;147;255;0m.[38;2;140;255;0mg[38;2;134;255;0mg[38;2;128;255;0m/[38;2;121;255;0mG[38;2;115;255;0mF[38;2;108;255;0mr[38;2;102;255;0mQ[38;2;96;255;0ms[38;2;89;255;0mG[38;2;83;255;0my[38;2;77;255;0m [38;2;70;255;0m [38;2;64;255;0m [38;2;57;255;0m [38;2;51;255;0m [38;2;45;255;0m [38;2;38;255;0m [38;2;32;255;0m [38;2;26;255;0m [38;2;19;255;0m [38;2;13;255;0m [38;2;6;255;0m:[0m
[38;2;255;255;0m:[38;2;249;255;0m [38;2;242;255;0mh[38;2;236;255;0mt[38;2;230;255;0mt[38;2;223;255;0mp[38;2;217;255;0ms[38;2;210;255;0m:[38;2;204;255;0m/[38;2;198;255;0m/[38;2;191;255;0mg[38;2;185;255;0mi[38;2;179;255;0mt[38;2;172;255;0mh[38;2;166;255;0mu[38;2;159;255;0mb[38;2;153;255;0m.[38;2;147;255;0mc[38;2;140;255;0mo[38;2;134;255;0mm[38;2;128;255;0m/[38;2;121;255;0mR[38;2;115;255;0mu[38;2;108;255;0ms[38;2;102;255;0mt[38;2;96;255;0mS[38;2;89;255;0mc[38;2;83;255;0ma[38;2;77;255;0mn[38;2;70;255;0m/[38;2;64;255;0mR[38;2;57;255;0mu[38;2;51;255;0ms[38;2;45;255;0mt[38;2;38;255;0mS[38;2;32;255;0mc[38;2;26;255;0ma[38;2;19;255;0mn[38;2;13;255;0m [38;2;6;255;0m:[0m
[38;2;255;255;0m [38;2;249;255;0m-[38;2;242;255;0m-[38;2;236;255;0m-[38;2;230;255;0m-[38;2;223;255;0m-[38;2;217;255;0m-[38;2;210;255;0m-[38;2;204;255;0m-[38;2;198;255;0m-[38;2;191;255;0m-[38;2;185;255;0m-[38;2;179;255;0m-[38;2;172;255;0m-[38;2;166;255;0m-[38;2;159;255;0m-[38;2;153;255;0m-[38;2;147;255;0m-[38;2;140;255;0m-[38;2;134;255;0m-[38;2;128;255;0m-[38;2;121;255;0m-[38;2;115;255;0m-[38;2;108;255;0m-[38;2;102;255;0m-[38;2;96;255;0m-[38;2;89;255;0m-[38;2;83;255;0m-[38;2;77;255;0m-[38;2;70;255;0m-[38;2;64;255;0m-[38;2;57;255;0m-[38;2;51;255;0m-[38;2;45;255;0m-[38;2;38;255;0m-[38;2;32;255;0m-[38;2;26;255;0m-[38;2;19;255;0m-[38;2;13;255;0m-[0m[0m
Nmap? More like slowmap.ðŸ¢

[1;34m[~][0m The config file is expected to be at "/root/.rustscan.toml"
[1;34m[~][0m Automatically increasing ulimit value to 5000.
Open 172.18.5.3:22
Open 172.18.5.3:80
Open 172.18.5.3:139
Open 172.18.5.3:445
[1;34m[~][0m Starting Script(s)
[1;38;2;0;255;9m[>][0m Script to be run Some("nmap -vvv -p {{port}} {{ip}}")

[1;34m[~][0m Starting Nmap 7.91 ( https://nmap.org ) at 2021-03-17 13:50 AKDT
NSE: Loaded 45 scripts for scanning.
Initiating Ping Scan at 13:50
Scanning 172.18.5.3 [4 ports]
Completed Ping Scan at 13:50, 0.26s elapsed (1 total hosts)
Initiating Parallel DNS resolution of 1 host. at 13:50
Completed Parallel DNS resolution of 1 host. at 13:50, 0.04s elapsed
DNS resolution of 1 IPs took 0.04s. Mode: Async [#: 2, OK: 0, NX: 1, DR: 0, SF: 0, TR: 1, CN: 0]
Initiating SYN Stealth Scan at 13:50
Scanning 172.18.5.3 [4 ports]
Discovered open port 139/tcp on 172.18.5.3
Discovered open port 80/tcp on 172.18.5.3
Discovered open port 22/tcp on 172.18.5.3
Discovered open port 445/tcp on 172.18.5.3
Completed SYN Stealth Scan at 13:50, 0.26s elapsed (4 total ports)
Initiating Service scan at 13:50
Scanning 4 services on 172.18.5.3
Completed Service scan at 13:50, 11.89s elapsed (4 services on 1 host)
Initiating OS detection (try #1) against 172.18.5.3
Retrying OS detection (try #2) against 172.18.5.3
NSE: Script scanning 172.18.5.3.
NSE: Starting runlevel 1 (of 2) scan.
Initiating NSE at 13:50
Completed NSE at 13:50, 0.92s elapsed
NSE: Starting runlevel 2 (of 2) scan.
Initiating NSE at 13:50
Completed NSE at 13:50, 0.87s elapsed
Nmap scan report for 172.18.5.3
Host is up, received echo-reply ttl 63 (0.20s latency).
Scanned at 2021-03-17 13:50:26 AKDT for 20s

PORT    STATE SERVICE     REASON         VERSION
22/tcp  open  ssh         syn-ack ttl 63 OpenSSH 7.6p1 Ubuntu 4ubuntu0.1 (Ubuntu Linux; protocol 2.0)
80/tcp  open  http        syn-ack ttl 63 Apache httpd 2.4.29 ((Ubuntu))
139/tcp open  netbios-ssn syn-ack ttl 63 Samba smbd 3.X - 4.X (workgroup: WORKGROUP)
445/tcp open  netbios-ssn syn-ack ttl 63 Samba smbd 3.X - 4.X (workgroup: WORKGROUP)
Warning: OSScan results may be unreliable because we could not find at least 1 open and 1 closed port
OS fingerprint not ideal because: Missing a closed TCP port so results incomplete
Aggressive OS guesses: Linux 4.15 - 5.6 (95%), Linux 5.0 (95%), Linux 5.0 - 5.4 (95%), Linux 5.3 - 5.4 (95%), Linux 2.6.32 (95%), Linux 5.0 - 5.3 (94%), Linux 3.1 (94%), Linux 3.2 (94%), AXIS 210A or 211 Network Camera (Linux 2.6.17) (94%), Linux 5.4 (94%)
No exact OS matches for host (test conditions non-ideal).
TCP/IP fingerprint:
SCAN(V=7.91%E=4%D=3/17%OT=22%CT=%CU=41069%PV=Y%DS=2%DC=I%G=N%TM=605279B6%P=x86_64-pc-linux-gnu)
SEQ(SP=104%GCD=1%ISR=10A%TI=Z%CI=Z%II=I%TS=A)
OPS(O1=M4ECST11NW7%O2=M4ECST11NW7%O3=M4ECNNT11NW7%O4=M4ECST11NW7%O5=M4ECST11NW7%O6=M4ECST11)
WIN(W1=FE88%W2=FE88%W3=FE88%W4=FE88%W5=FE88%W6=FE88)
ECN(R=Y%DF=Y%T=40%W=FAF0%O=M4ECNNSNW7%CC=Y%Q=)
T1(R=Y%DF=Y%T=40%S=O%A=S+%F=AS%RD=0%Q=)
T2(R=N)
T3(R=N)
T4(R=Y%DF=Y%T=40%W=0%S=A%A=Z%F=R%O=%RD=0%Q=)
T5(R=Y%DF=Y%T=40%W=0%S=Z%A=S+%F=AR%O=%RD=0%Q=)
T6(R=Y%DF=Y%T=40%W=0%S=A%A=Z%F=R%O=%RD=0%Q=)
U1(R=Y%DF=N%T=40%IPL=164%UN=0%RIPL=G%RID=G%RIPCK=G%RUCK=G%RUD=G)
IE(R=Y%DFI=N%T=40%CD=S)

Uptime guess: 34.831 days (since Wed Feb 10 16:54:50 2021)
Network Distance: 2 hops
TCP Sequence Prediction: Difficulty=258 (Good luck!)
IP ID Sequence Generation: All zeros
Service Info: Host: D1A68C140003; OS: Linux; CPE: cpe:/o:linux:linux_kernel

Read data files from: /usr/bin/../share/nmap
OS and Service detection performed. Please report any incorrect results at https://nmap.org/submit/ .
Nmap done: 1 IP address (1 host up) scanned in 20.64 seconds
           Raw packets sent: 58 (4.244KB) | Rcvd: 32 (2.676KB)

