===============================================================
Gobuster v3.0.1
by OJ Reeves (@TheColonial) & Christian Mehlmauer (@_FireFart_)
===============================================================
[+] Url:            http://172.18.5.3/
[+] Threads:        10
[+] Wordlist:       /usr/share/wordlists/dirb/common.txt
[+] Status codes:   200,204,301,302,307,401,403
[+] User Agent:     gobuster/3.0.1
[+] Timeout:        10s
===============================================================
2021/03/17 14:01:15 Starting gobuster
===============================================================
/.hta (Status: 403)
/.htaccess (Status: 403)
/.htpasswd (Status: 403)
/css (Status: 301)
/font (Status: 301)
/index.php (Status: 200)
/javascript (Status: 301)
/js (Status: 301)
/login (Status: 200)
/media (Status: 301)
/server-status (Status: 403)
===============================================================
2021/03/17 14:02:54 Finished
===============================================================
